# JRE version: OpenJDK Runtime Environment (8.0_152-b01) (build 1.8.0_152-release-1248-b01)
# Java VM: OpenJDK 64-Bit Server VM (25.152-b01 mixed mode windows-amd64 compressed oops)
Heap:
 PSYoungGen      total 440320K, used 40069K [0x00000000e0000000, 0x00000000fcd00000, 0x0000000100000000)
  eden space 409600K, 9% used [0x00000000e0000000,0x00000000e27215a0,0x00000000f9000000)
  from space 30720K, 0% used [0x00000000faf00000,0x00000000faf00000,0x00000000fcd00000)
  to   space 31232K, 0% used [0x00000000f9000000,0x00000000f9000000,0x00000000fae80000)
 ParOldGen       total 192512K, used 139441K [0x00000000a0000000, 0x00000000abc00000, 0x00000000e0000000)
  object space 192512K, 72% used [0x00000000a0000000,0x00000000a882c598,0x00000000abc00000)
 Metaspace       used 92588K, capacity 95368K, committed 95640K, reserved 1132544K
  class space    used 11535K, capacity 12132K, committed 12184K, reserved 1048576K
GC Heap History (10 events):
Event: 2388.379 GC heap before
{Heap before GC invocations=43 (full 5):
 PSYoungGen      total 337920K, used 306571K [0x00000000e0000000, 0x00000000f9e80000, 0x0000000100000000)
  eden space 299008K, 100% used [0x00000000e0000000,0x00000000f2400000,0x00000000f2400000)
  from space 38912K, 19% used [0x00000000f2400000,0x00000000f2b62d48,0x00000000f4a00000)
  to   space 37376K, 0% used [0x00000000f7a00000,0x00000000f7a00000,0x00000000f9e80000)
 ParOldGen       total 158720K, used 117878K [0x00000000a0000000, 0x00000000a9b00000, 0x00000000e0000000)
  object space 158720K, 74% used [0x00000000a0000000,0x00000000a731d878,0x00000000a9b00000)
 Metaspace       used 91889K, capacity 94632K, committed 94872K, reserved 1132544K
  class space    used 11472K, capacity 12078K, committed 12184K, reserved 1048576K
Event: 2388.433 GC heap after
Heap after GC invocations=43 (full 5):
 PSYoungGen      total 382976K, used 7456K [0x00000000e0000000, 0x00000000f9a80000, 0x0000000100000000)
  eden space 349696K, 0% used [0x00000000e0000000,0x00000000e0000000,0x00000000f5580000)
  from space 33280K, 22% used [0x00000000f7a00000,0x00000000f8148010,0x00000000f9a80000)
  to   space 35328K, 0% used [0x00000000f5580000,0x00000000f5580000,0x00000000f7800000)
 ParOldGen       total 158720K, used 125425K [0x00000000a0000000, 0x00000000a9b00000, 0x00000000e0000000)
  object space 158720K, 79% used [0x00000000a0000000,0x00000000a7a7c720,0x00000000a9b00000)
 Metaspace       used 91889K, capacity 94632K, committed 94872K, reserved 1132544K
  class space    used 11472K, capacity 12078K, committed 12184K, reserved 1048576K
}
Event: 2391.495 GC heap before
{Heap before GC invocations=44 (full 5):
 PSYoungGen      total 382976K, used 357152K [0x00000000e0000000, 0x00000000f9a80000, 0x0000000100000000)
  eden space 349696K, 100% used [0x00000000e0000000,0x00000000f5580000,0x00000000f5580000)
  from space 33280K, 22% used [0x00000000f7a00000,0x00000000f8148010,0x00000000f9a80000)
  to   space 35328K, 0% used [0x00000000f5580000,0x00000000f5580000,0x00000000f7800000)
 ParOldGen       total 158720K, used 125425K [0x00000000a0000000, 0x00000000a9b00000, 0x00000000e0000000)
  object space 158720K, 79% used [0x00000000a0000000,0x00000000a7a7c720,0x00000000a9b00000)
 Metaspace       used 91891K, capacity 94632K, committed 94872K, reserved 1132544K
  class space    used 11472K, capacity 12078K, committed 12184K, reserved 1048576K
Event: 2391.551 GC heap after
Heap after GC invocations=44 (full 5):
 PSYoungGen      total 385024K, used 9573K [0x00000000e0000000, 0x00000000fcf80000, 0x0000000100000000)
  eden space 349696K, 0% used [0x00000000e0000000,0x00000000e0000000,0x00000000f5580000)
  from space 35328K, 27% used [0x00000000f5580000,0x00000000f5ed94a0,0x00000000f7800000)
  to   space 33280K, 0% used [0x00000000faf00000,0x00000000faf00000,0x00000000fcf80000)
 ParOldGen       total 158720K, used 132761K [0x00000000a0000000, 0x00000000a9b00000, 0x00000000e0000000)
  object space 158720K, 83% used [0x00000000a0000000,0x00000000a81a6488,0x00000000a9b00000)
 Metaspace       used 91891K, capacity 94632K, committed 94872K, reserved 1132544K
  class space    used 11472K, capacity 12078K, committed 12184K, reserved 1048576K
}
Event: 2394.065 GC heap before
{Heap before GC invocations=45 (full 5):
 PSYoungGen      total 385024K, used 359269K [0x00000000e0000000, 0x00000000fcf80000, 0x0000000100000000)
  eden space 349696K, 100% used [0x00000000e0000000,0x00000000f5580000,0x00000000f5580000)
  from space 35328K, 27% used [0x00000000f5580000,0x00000000f5ed94a0,0x00000000f7800000)
  to   space 33280K, 0% used [0x00000000faf00000,0x00000000faf00000,0x00000000fcf80000)
 ParOldGen       total 158720K, used 132761K [0x00000000a0000000, 0x00000000a9b00000, 0x00000000e0000000)
  object space 158720K, 83% used [0x00000000a0000000,0x00000000a81a6488,0x00000000a9b00000)
 Metaspace       used 91900K, capacity 94632K, committed 94872K, reserved 1132544K
  class space    used 11472K, capacity 12078K, committed 12184K, reserved 1048576K
Event: 2394.132 GC heap after
Heap after GC invocations=45 (full 5):
 PSYoungGen      total 440320K, used 11769K [0x00000000e0000000, 0x00000000fcd00000, 0x0000000100000000)
  eden space 409600K, 0% used [0x00000000e0000000,0x00000000e0000000,0x00000000f9000000)
  from space 30720K, 38% used [0x00000000faf00000,0x00000000fba7e600,0x00000000fcd00000)
  to   space 31232K, 0% used [0x00000000f9000000,0x00000000f9000000,0x00000000fae80000)
 ParOldGen       total 158720K, used 142299K [0x00000000a0000000, 0x00000000a9b00000, 0x00000000e0000000)
  object space 158720K, 89% used [0x00000000a0000000,0x00000000a8af6f08,0x00000000a9b00000)
 Metaspace       used 91900K, capacity 94632K, committed 94872K, reserved 1132544K
  class space    used 11472K, capacity 12078K, committed 12184K, reserved 1048576K
}
Event: 2402.433 GC heap before
{Heap before GC invocations=46 (full 5):
 PSYoungGen      total 440320K, used 421369K [0x00000000e0000000, 0x00000000fcd00000, 0x0000000100000000)
  eden space 409600K, 100% used [0x00000000e0000000,0x00000000f9000000,0x00000000f9000000)
  from space 30720K, 38% used [0x00000000faf00000,0x00000000fba7e600,0x00000000fcd00000)
  to   space 31232K, 0% used [0x00000000f9000000,0x00000000f9000000,0x00000000fae80000)
 ParOldGen       total 158720K, used 142299K [0x00000000a0000000, 0x00000000a9b00000, 0x00000000e0000000)
  object space 158720K, 89% used [0x00000000a0000000,0x00000000a8af6f08,0x00000000a9b00000)
 Metaspace       used 92589K, capacity 95370K, committed 95640K, reserved 1132544K
  class space    used 11535K, capacity 12133K, committed 12184K, reserved 1048576K
Event: 2402.804 GC heap after
Heap after GC invocations=46 (full 5):
 PSYoungGen      total 440320K, used 421369K [0x00000000e0000000, 0x00000000fcd00000, 0x0000000100000000)
  eden space 409600K, 100% used [0x00000000e0000000,0x00000000f9000000,0x00000000f9000000)
  from space 30720K, 38% used [0x00000000faf00000,0x00000000fba7e600,0x00000000fcd00000)
  to   space 31232K, 99% used [0x00000000f9000000,0x00000000fae7b2f8,0x00000000fae80000)
 ParOldGen       total 192512K, used 192297K [0x00000000a0000000, 0x00000000abc00000, 0x00000000e0000000)
  object space 192512K, 99% used [0x00000000a0000000,0x00000000abbca5c8,0x00000000abc00000)
 Metaspace       used 92589K, capacity 95370K, committed 95640K, reserved 1132544K
  class space    used 11535K, capacity 12133K, committed 12184K, reserved 1048576K
}
Event: 2402.804 GC heap before
{Heap before GC invocations=47 (full 6):
 PSYoungGen      total 440320K, used 421369K [0x00000000e0000000, 0x00000000fcd00000, 0x0000000100000000)
  eden space 409600K, 100% used [0x00000000e0000000,0x00000000f9000000,0x00000000f9000000)
  from space 30720K, 38% used [0x00000000faf00000,0x00000000fba7e600,0x00000000fcd00000)
  to   space 31232K, 99% used [0x00000000f9000000,0x00000000fae7b2f8,0x00000000fae80000)
 ParOldGen       total 192512K, used 192297K [0x00000000a0000000, 0x00000000abc00000, 0x00000000e0000000)
  object space 192512K, 99% used [0x00000000a0000000,0x00000000abbca5c8,0x00000000abc00000)
 Metaspace       used 92589K, capacity 95370K, committed 95640K, reserved 1132544K
  class space    used 11535K, capacity 12133K, committed 12184K, reserved 1048576K
Event: 2404.604 GC heap after
Heap after GC invocations=47 (full 6):
 PSYoungGen      total 440320K, used 0K [0x00000000e0000000, 0x00000000fcd00000, 0x0000000100000000)
  eden space 409600K, 0% used [0x00000000e0000000,0x00000000e0000000,0x00000000f9000000)
  from space 30720K, 0% used [0x00000000faf00000,0x00000000faf00000,0x00000000fcd00000)
  to   space 31232K, 0% used [0x00000000f9000000,0x00000000f9000000,0x00000000fae80000)
 ParOldGen       total 192512K, used 139441K [0x00000000a0000000, 0x00000000abc00000, 0x00000000e0000000)
  object space 192512K, 72% used [0x00000000a0000000,0x00000000a882c598,0x00000000abc00000)
 Metaspace       used 92588K, capacity 95368K, committed 95640K, reserved 1132544K
  class space    used 11535K, capacity 12132K, committed 12184K, reserved 1048576K
}

